  lab2.cpp
C:\Users\user\Desktop\AN 3\SEM 1\structure of computer systems\lab2\lab2\lab2.cpp(53,2): error C4235: nonstandard extension used: '__asm' keyword not supported on this architecture
C:\Users\user\Desktop\AN 3\SEM 1\structure of computer systems\lab2\lab2\lab2.cpp(54,3): error C2065: 'pushad': undeclared identifier
C:\Users\user\Desktop\AN 3\SEM 1\structure of computer systems\lab2\lab2\lab2.cpp(55,3): error C2146: syntax error: missing ';' before identifier 'CPUID'
C:\Users\user\Desktop\AN 3\SEM 1\structure of computer systems\lab2\lab2\lab2.cpp(55,3): error C2065: 'CPUID': undeclared identifier
C:\Users\user\Desktop\AN 3\SEM 1\structure of computer systems\lab2\lab2\lab2.cpp(56,3): error C2146: syntax error: missing ';' before identifier 'RDTSC'
C:\Users\user\Desktop\AN 3\SEM 1\structure of computer systems\lab2\lab2\lab2.cpp(56,3): error C2065: 'RDTSC': undeclared identifier
C:\Users\user\Desktop\AN 3\SEM 1\structure of computer systems\lab2\lab2\lab2.cpp(57,3): error C2146: syntax error: missing ';' before identifier 'mov'
C:\Users\user\Desktop\AN 3\SEM 1\structure of computer systems\lab2\lab2\lab2.cpp(57,3): error C2065: 'mov': undeclared identifier
C:\Users\user\Desktop\AN 3\SEM 1\structure of computer systems\lab2\lab2\lab2.cpp(57,7): error C2146: syntax error: missing ';' before identifier 'cycles_high1'
C:\Users\user\Desktop\AN 3\SEM 1\structure of computer systems\lab2\lab2\lab2.cpp(57,21): error C2065: 'edx': undeclared identifier
C:\Users\user\Desktop\AN 3\SEM 1\structure of computer systems\lab2\lab2\lab2.cpp(58,3): error C2146: syntax error: missing ';' before identifier 'mov'
C:\Users\user\Desktop\AN 3\SEM 1\structure of computer systems\lab2\lab2\lab2.cpp(58,3): error C2065: 'mov': undeclared identifier
C:\Users\user\Desktop\AN 3\SEM 1\structure of computer systems\lab2\lab2\lab2.cpp(58,7): error C2146: syntax error: missing ';' before identifier 'cycles_low1'
C:\Users\user\Desktop\AN 3\SEM 1\structure of computer systems\lab2\lab2\lab2.cpp(58,20): error C2065: 'eax': undeclared identifier
C:\Users\user\Desktop\AN 3\SEM 1\structure of computer systems\lab2\lab2\lab2.cpp(59,3): error C2146: syntax error: missing ';' before identifier 'popad'
C:\Users\user\Desktop\AN 3\SEM 1\structure of computer systems\lab2\lab2\lab2.cpp(59,3): error C2065: 'popad': undeclared identifier
C:\Users\user\Desktop\AN 3\SEM 1\structure of computer systems\lab2\lab2\lab2.cpp(60,3): error C2146: syntax error: missing ';' before identifier 'pushad'
C:\Users\user\Desktop\AN 3\SEM 1\structure of computer systems\lab2\lab2\lab2.cpp(60,3): error C2065: 'pushad': undeclared identifier
C:\Users\user\Desktop\AN 3\SEM 1\structure of computer systems\lab2\lab2\lab2.cpp(61,3): error C2146: syntax error: missing ';' before identifier 'CPUID'
C:\Users\user\Desktop\AN 3\SEM 1\structure of computer systems\lab2\lab2\lab2.cpp(61,3): error C2065: 'CPUID': undeclared identifier
C:\Users\user\Desktop\AN 3\SEM 1\structure of computer systems\lab2\lab2\lab2.cpp(62,3): error C2146: syntax error: missing ';' before identifier 'RDTSC'
C:\Users\user\Desktop\AN 3\SEM 1\structure of computer systems\lab2\lab2\lab2.cpp(62,3): error C2065: 'RDTSC': undeclared identifier
C:\Users\user\Desktop\AN 3\SEM 1\structure of computer systems\lab2\lab2\lab2.cpp(63,3): error C2146: syntax error: missing ';' before identifier 'popad'
C:\Users\user\Desktop\AN 3\SEM 1\structure of computer systems\lab2\lab2\lab2.cpp(63,3): error C2065: 'popad': undeclared identifier
C:\Users\user\Desktop\AN 3\SEM 1\structure of computer systems\lab2\lab2\lab2.cpp(64,3): error C2146: syntax error: missing ';' before identifier 'pushad'
C:\Users\user\Desktop\AN 3\SEM 1\structure of computer systems\lab2\lab2\lab2.cpp(64,3): error C2065: 'pushad': undeclared identifier
C:\Users\user\Desktop\AN 3\SEM 1\structure of computer systems\lab2\lab2\lab2.cpp(65,3): error C2146: syntax error: missing ';' before identifier 'CPUID'
C:\Users\user\Desktop\AN 3\SEM 1\structure of computer systems\lab2\lab2\lab2.cpp(65,3): error C2065: 'CPUID': undeclared identifier
C:\Users\user\Desktop\AN 3\SEM 1\structure of computer systems\lab2\lab2\lab2.cpp(66,3): error C2146: syntax error: missing ';' before identifier 'RDTSC'
C:\Users\user\Desktop\AN 3\SEM 1\structure of computer systems\lab2\lab2\lab2.cpp(66,3): error C2065: 'RDTSC': undeclared identifier
C:\Users\user\Desktop\AN 3\SEM 1\structure of computer systems\lab2\lab2\lab2.cpp(67,3): error C2146: syntax error: missing ';' before identifier 'mov'
C:\Users\user\Desktop\AN 3\SEM 1\structure of computer systems\lab2\lab2\lab2.cpp(67,3): error C2065: 'mov': undeclared identifier
C:\Users\user\Desktop\AN 3\SEM 1\structure of computer systems\lab2\lab2\lab2.cpp(67,7): error C2146: syntax error: missing ';' before identifier 'cycles_high1'
C:\Users\user\Desktop\AN 3\SEM 1\structure of computer systems\lab2\lab2\lab2.cpp(67,21): error C2065: 'edx': undeclared identifier
C:\Users\user\Desktop\AN 3\SEM 1\structure of computer systems\lab2\lab2\lab2.cpp(68,3): error C2146: syntax error: missing ';' before identifier 'mov'
C:\Users\user\Desktop\AN 3\SEM 1\structure of computer systems\lab2\lab2\lab2.cpp(68,3): error C2065: 'mov': undeclared identifier
C:\Users\user\Desktop\AN 3\SEM 1\structure of computer systems\lab2\lab2\lab2.cpp(68,7): error C2146: syntax error: missing ';' before identifier 'cycles_low1'
C:\Users\user\Desktop\AN 3\SEM 1\structure of computer systems\lab2\lab2\lab2.cpp(68,20): error C2065: 'eax': undeclared identifier
C:\Users\user\Desktop\AN 3\SEM 1\structure of computer systems\lab2\lab2\lab2.cpp(69,3): error C2146: syntax error: missing ';' before identifier 'popad'
C:\Users\user\Desktop\AN 3\SEM 1\structure of computer systems\lab2\lab2\lab2.cpp(69,3): error C2065: 'popad': undeclared identifier
C:\Users\user\Desktop\AN 3\SEM 1\structure of computer systems\lab2\lab2\lab2.cpp(70,3): error C2146: syntax error: missing ';' before identifier 'pushad'
C:\Users\user\Desktop\AN 3\SEM 1\structure of computer systems\lab2\lab2\lab2.cpp(70,3): error C2065: 'pushad': undeclared identifier
C:\Users\user\Desktop\AN 3\SEM 1\structure of computer systems\lab2\lab2\lab2.cpp(71,3): error C2146: syntax error: missing ';' before identifier 'CPUID'
C:\Users\user\Desktop\AN 3\SEM 1\structure of computer systems\lab2\lab2\lab2.cpp(71,3): error C2065: 'CPUID': undeclared identifier
C:\Users\user\Desktop\AN 3\SEM 1\structure of computer systems\lab2\lab2\lab2.cpp(72,3): error C2146: syntax error: missing ';' before identifier 'RDTSC'
C:\Users\user\Desktop\AN 3\SEM 1\structure of computer systems\lab2\lab2\lab2.cpp(72,3): error C2065: 'RDTSC': undeclared identifier
C:\Users\user\Desktop\AN 3\SEM 1\structure of computer systems\lab2\lab2\lab2.cpp(73,3): error C2146: syntax error: missing ';' before identifier 'popad'
C:\Users\user\Desktop\AN 3\SEM 1\structure of computer systems\lab2\lab2\lab2.cpp(73,3): error C2065: 'popad': undeclared identifier
C:\Users\user\Desktop\AN 3\SEM 1\structure of computer systems\lab2\lab2\lab2.cpp(74,3): error C2146: syntax error: missing ';' before identifier 'pushad'
C:\Users\user\Desktop\AN 3\SEM 1\structure of computer systems\lab2\lab2\lab2.cpp(74,3): error C2065: 'pushad': undeclared identifier
C:\Users\user\Desktop\AN 3\SEM 1\structure of computer systems\lab2\lab2\lab2.cpp(75,3): error C2146: syntax error: missing ';' before identifier 'CPUID'
C:\Users\user\Desktop\AN 3\SEM 1\structure of computer systems\lab2\lab2\lab2.cpp(75,3): error C2065: 'CPUID': undeclared identifier
C:\Users\user\Desktop\AN 3\SEM 1\structure of computer systems\lab2\lab2\lab2.cpp(76,3): error C2146: syntax error: missing ';' before identifier 'RDTSC'
C:\Users\user\Desktop\AN 3\SEM 1\structure of computer systems\lab2\lab2\lab2.cpp(76,3): error C2065: 'RDTSC': undeclared identifier
C:\Users\user\Desktop\AN 3\SEM 1\structure of computer systems\lab2\lab2\lab2.cpp(77,3): error C2146: syntax error: missing ';' before identifier 'mov'
C:\Users\user\Desktop\AN 3\SEM 1\structure of computer systems\lab2\lab2\lab2.cpp(77,3): error C2065: 'mov': undeclared identifier
C:\Users\user\Desktop\AN 3\SEM 1\structure of computer systems\lab2\lab2\lab2.cpp(77,7): error C2146: syntax error: missing ';' before identifier 'cycles_high1'
C:\Users\user\Desktop\AN 3\SEM 1\structure of computer systems\lab2\lab2\lab2.cpp(77,21): error C2065: 'edx': undeclared identifier
C:\Users\user\Desktop\AN 3\SEM 1\structure of computer systems\lab2\lab2\lab2.cpp(78,3): error C2146: syntax error: missing ';' before identifier 'mov'
C:\Users\user\Desktop\AN 3\SEM 1\structure of computer systems\lab2\lab2\lab2.cpp(78,3): error C2065: 'mov': undeclared identifier
C:\Users\user\Desktop\AN 3\SEM 1\structure of computer systems\lab2\lab2\lab2.cpp(78,7): error C2146: syntax error: missing ';' before identifier 'cycles_low1'
C:\Users\user\Desktop\AN 3\SEM 1\structure of computer systems\lab2\lab2\lab2.cpp(78,20): error C2065: 'eax': undeclared identifier
C:\Users\user\Desktop\AN 3\SEM 1\structure of computer systems\lab2\lab2\lab2.cpp(79,3): error C2146: syntax error: missing ';' before identifier 'popad'
C:\Users\user\Desktop\AN 3\SEM 1\structure of computer systems\lab2\lab2\lab2.cpp(79,3): error C2065: 'popad': undeclared identifier
C:\Users\user\Desktop\AN 3\SEM 1\structure of computer systems\lab2\lab2\lab2.cpp(80,3): error C2146: syntax error: missing ';' before identifier 'pushad'
C:\Users\user\Desktop\AN 3\SEM 1\structure of computer systems\lab2\lab2\lab2.cpp(80,3): error C2065: 'pushad': undeclared identifier
C:\Users\user\Desktop\AN 3\SEM 1\structure of computer systems\lab2\lab2\lab2.cpp(81,3): error C2146: syntax error: missing ';' before identifier 'CPUID'
C:\Users\user\Desktop\AN 3\SEM 1\structure of computer systems\lab2\lab2\lab2.cpp(81,3): error C2065: 'CPUID': undeclared identifier
C:\Users\user\Desktop\AN 3\SEM 1\structure of computer systems\lab2\lab2\lab2.cpp(82,3): error C2146: syntax error: missing ';' before identifier 'RDTSC'
C:\Users\user\Desktop\AN 3\SEM 1\structure of computer systems\lab2\lab2\lab2.cpp(82,3): error C2065: 'RDTSC': undeclared identifier
C:\Users\user\Desktop\AN 3\SEM 1\structure of computer systems\lab2\lab2\lab2.cpp(83,3): error C2146: syntax error: missing ';' before identifier 'sub'
C:\Users\user\Desktop\AN 3\SEM 1\structure of computer systems\lab2\lab2\lab2.cpp(83,3): error C2065: 'sub': undeclared identifier
C:\Users\user\Desktop\AN 3\SEM 1\structure of computer systems\lab2\lab2\lab2.cpp(83,7): error C2146: syntax error: missing ';' before identifier 'eax'
C:\Users\user\Desktop\AN 3\SEM 1\structure of computer systems\lab2\lab2\lab2.cpp(83,7): error C2065: 'eax': undeclared identifier
C:\Users\user\Desktop\AN 3\SEM 1\structure of computer systems\lab2\lab2\lab2.cpp(84,3): error C2146: syntax error: missing ';' before identifier 'mov'
C:\Users\user\Desktop\AN 3\SEM 1\structure of computer systems\lab2\lab2\lab2.cpp(84,3): error C2065: 'mov': undeclared identifier
C:\Users\user\Desktop\AN 3\SEM 1\structure of computer systems\lab2\lab2\lab2.cpp(84,7): error C2146: syntax error: missing ';' before identifier 'cpuid_time'
C:\Users\user\Desktop\AN 3\SEM 1\structure of computer systems\lab2\lab2\lab2.cpp(84,19): error C2065: 'eax': undeclared identifier
C:\Users\user\Desktop\AN 3\SEM 1\structure of computer systems\lab2\lab2\lab2.cpp(85,3): error C2146: syntax error: missing ';' before identifier 'popad'
C:\Users\user\Desktop\AN 3\SEM 1\structure of computer systems\lab2\lab2\lab2.cpp(85,3): error C2065: 'popad': undeclared identifier
C:\Users\user\Desktop\AN 3\SEM 1\structure of computer systems\lab2\lab2\lab2.cpp(86,2): error C2143: syntax error: missing ';' before '}'
C:\Users\user\Desktop\AN 3\SEM 1\structure of computer systems\lab2\lab2\lab2.cpp(92,2): error C4235: nonstandard extension used: '__asm' keyword not supported on this architecture
C:\Users\user\Desktop\AN 3\SEM 1\structure of computer systems\lab2\lab2\lab2.cpp(93,3): error C2065: 'pushad': undeclared identifier
C:\Users\user\Desktop\AN 3\SEM 1\structure of computer systems\lab2\lab2\lab2.cpp(94,3): error C2146: syntax error: missing ';' before identifier 'CPUID'
C:\Users\user\Desktop\AN 3\SEM 1\structure of computer systems\lab2\lab2\lab2.cpp(94,3): error C2065: 'CPUID': undeclared identifier
C:\Users\user\Desktop\AN 3\SEM 1\structure of computer systems\lab2\lab2\lab2.cpp(95,3): error C2146: syntax error: missing ';' before identifier 'RDTSC'
C:\Users\user\Desktop\AN 3\SEM 1\structure of computer systems\lab2\lab2\lab2.cpp(95,3): error C2065: 'RDTSC': undeclared identifier
C:\Users\user\Desktop\AN 3\SEM 1\structure of computer systems\lab2\lab2\lab2.cpp(96,3): error C2146: syntax error: missing ';' before identifier 'mov'
C:\Users\user\Desktop\AN 3\SEM 1\structure of computer systems\lab2\lab2\lab2.cpp(96,3): error C2065: 'mov': undeclared identifier
C:\Users\user\Desktop\AN 3\SEM 1\structure of computer systems\lab2\lab2\lab2.cpp(96,7): error C2146: syntax error: missing ';' before identifier 'cycles_high1'
C:\Users\user\Desktop\AN 3\SEM 1\structure of computer systems\lab2\lab2\lab2.cpp(96,21): error C2065: 'edx': undeclared identifier
C:\Users\user\Desktop\AN 3\SEM 1\structure of computer systems\lab2\lab2\lab2.cpp(97,3): error C2146: syntax error: missing ';' before identifier 'mov'
C:\Users\user\Desktop\AN 3\SEM 1\structure of computer systems\lab2\lab2\lab2.cpp(97,3): error C2065: 'mov': undeclared identifier
C:\Users\user\Desktop\AN 3\SEM 1\structure of computer systems\lab2\lab2\lab2.cpp(97,7): error C2146: syntax error: missing ';' before identifier 'cycles_low1'
C:\Users\user\Desktop\AN 3\SEM 1\structure of computer systems\lab2\lab2\lab2.cpp(97,20): error C2065: 'eax': undeclared identifier
C:\Users\user\Desktop\AN 3\SEM 1\structure of computer systems\lab2\lab2\lab2.cpp(98,3): error C2146: syntax error: missing ';' before identifier 'popad'
C:\Users\user\Desktop\AN 3\SEM 1\structure of computer systems\lab2\lab2\lab2.cpp(98,3): error C2065: 'popad': undeclared identifier
C:\Users\user\Desktop\AN 3\SEM 1\structure of computer systems\lab2\lab2\lab2.cpp(99,2): error C2143: syntax error: missing ';' before '}'
C:\Users\user\Desktop\AN 3\SEM 1\structure of computer systems\lab2\lab2\lab2.cpp(107,2): error C4235: nonstandard extension used: '__asm' keyword not supported on this architecture
C:\Users\user\Desktop\AN 3\SEM 1\structure of computer systems\lab2\lab2\lab2.cpp(108,3): error C2065: 'pushad': undeclared identifier
C:\Users\user\Desktop\AN 3\SEM 1\structure of computer systems\lab2\lab2\lab2.cpp(109,3): error C2146: syntax error: missing ';' before identifier 'CPUID'
C:\Users\user\Desktop\AN 3\SEM 1\structure of computer systems\lab2\lab2\lab2.cpp(109,3): error C2065: 'CPUID': undeclared identifier
C:\Users\user\Desktop\AN 3\SEM 1\structure of computer systems\lab2\lab2\lab2.cpp(121,3): error C2146: syntax error: missing ';' before identifier 'RDTSC'
C:\Users\user\Desktop\AN 3\SEM 1\structure of computer systems\lab2\lab2\lab2.cpp(121,3): error C2065: 'RDTSC': undeclared identifier
C:\Users\user\Desktop\AN 3\SEM 1\structure of computer systems\lab2\lab2\lab2.cpp(122,7): fatal  error C1003: error count exceeds 100; stopping compilation
